# JRE version: Java(TM) SE Runtime Environment (8.0_91-b14) (build 1.8.0_91-b14)
# Java VM: Java HotSpot(TM) 64-Bit Server VM (25.91-b14 mixed mode linux-amd64 compressed oops)
Heap:
 PSYoungGen      total 495616K, used 10870K [0x0000000718c00000, 0x0000000738a00000, 0x00000007c0000000)
  eden space 495104K, 2% used [0x0000000718c00000,0x000000071967da68,0x0000000736f80000)
  from space 512K, 25% used [0x0000000738380000,0x00000007383a0000,0x0000000738400000)
  to   space 6144K, 0% used [0x0000000738400000,0x0000000738400000,0x0000000738a00000)
 ParOldGen       total 343040K, used 5556K [0x00000005ca400000, 0x00000005df300000, 0x0000000718c00000)
  object space 343040K, 1% used [0x00000005ca400000,0x00000005ca96d0b8,0x00000005df300000)
 Metaspace       used 15937K, capacity 16514K, committed 16768K, reserved 1062912K
  class space    used 2136K, capacity 2310K, committed 2432K, reserved 1048576K
GC Heap History (10 events):
Event: 3,487 GC heap before
{Heap before GC invocations=3 (full 0):
 PSYoungGen      total 150016K, used 134562K [0x0000000718c00000, 0x0000000723300000, 0x00000007c0000000)
  eden space 129024K, 100% used [0x0000000718c00000,0x0000000720a00000,0x0000000720a00000)
  from space 20992K, 26% used [0x0000000721e80000,0x00000007223e8ad8,0x0000000723300000)
  to   space 20992K, 0% used [0x0000000720a00000,0x0000000720a00000,0x0000000721e80000)
 ParOldGen       total 343040K, used 99K [0x00000005ca400000, 0x00000005df300000, 0x0000000718c00000)
  object space 343040K, 0% used [0x00000005ca400000,0x00000005ca418c78,0x00000005df300000)
 Metaspace       used 15717K, capacity 16290K, committed 16384K, reserved 1062912K
  class space    used 2130K, capacity 2300K, committed 2304K, reserved 1048576K
Event: 3,491 GC heap after
Heap after GC invocations=3 (full 0):
 PSYoungGen      total 150016K, used 5504K [0x0000000718c00000, 0x000000072b100000, 0x00000007c0000000)
  eden space 129024K, 0% used [0x0000000718c00000,0x0000000718c00000,0x0000000720a00000)
  from space 20992K, 26% used [0x0000000720a00000,0x0000000720f60068,0x0000000721e80000)
  to   space 20992K, 0% used [0x0000000729c80000,0x0000000729c80000,0x000000072b100000)
 ParOldGen       total 343040K, used 107K [0x00000005ca400000, 0x00000005df300000, 0x0000000718c00000)
  object space 343040K, 0% used [0x00000005ca400000,0x00000005ca41ac78,0x00000005df300000)
 Metaspace       used 15717K, capacity 16290K, committed 16384K, reserved 1062912K
  class space    used 2130K, capacity 2300K, committed 2304K, reserved 1048576K
}
Event: 3,762 GC heap before
{Heap before GC invocations=4 (full 0):
 PSYoungGen      total 150016K, used 134528K [0x0000000718c00000, 0x000000072b100000, 0x00000007c0000000)
  eden space 129024K, 100% used [0x0000000718c00000,0x0000000720a00000,0x0000000720a00000)
  from space 20992K, 26% used [0x0000000720a00000,0x0000000720f60068,0x0000000721e80000)
  to   space 20992K, 0% used [0x0000000729c80000,0x0000000729c80000,0x000000072b100000)
 ParOldGen       total 343040K, used 107K [0x00000005ca400000, 0x00000005df300000, 0x0000000718c00000)
  object space 343040K, 0% used [0x00000005ca400000,0x00000005ca41ac78,0x00000005df300000)
 Metaspace       used 15820K, capacity 16354K, committed 16384K, reserved 1062912K
  class space    used 2130K, capacity 2300K, committed 2304K, reserved 1048576K
Event: 3,767 GC heap after
Heap after GC invocations=4 (full 0):
 PSYoungGen      total 279040K, used 5522K [0x0000000718c00000, 0x000000072b100000, 0x00000007c0000000)
  eden space 258048K, 0% used [0x0000000718c00000,0x0000000718c00000,0x0000000728800000)
  from space 20992K, 26% used [0x0000000729c80000,0x000000072a1e4ae8,0x000000072b100000)
  to   space 20992K, 0% used [0x0000000728800000,0x0000000728800000,0x0000000729c80000)
 ParOldGen       total 343040K, used 115K [0x00000005ca400000, 0x00000005df300000, 0x0000000718c00000)
  object space 343040K, 0% used [0x00000005ca400000,0x00000005ca41cc78,0x00000005df300000)
 Metaspace       used 15820K, capacity 16354K, committed 16384K, reserved 1062912K
  class space    used 2130K, capacity 2300K, committed 2304K, reserved 1048576K
}
Event: 4,377 GC heap before
{Heap before GC invocations=5 (full 0):
 PSYoungGen      total 279040K, used 263570K [0x0000000718c00000, 0x000000072b100000, 0x00000007c0000000)
  eden space 258048K, 100% used [0x0000000718c00000,0x0000000728800000,0x0000000728800000)
  from space 20992K, 26% used [0x0000000729c80000,0x000000072a1e4ae8,0x000000072b100000)
  to   space 20992K, 0% used [0x0000000728800000,0x0000000728800000,0x0000000729c80000)
 ParOldGen       total 343040K, used 115K [0x00000005ca400000, 0x00000005df300000, 0x0000000718c00000)
  object space 343040K, 0% used [0x00000005ca400000,0x00000005ca41cc78,0x00000005df300000)
 Metaspace       used 15838K, capacity 16418K, committed 16640K, reserved 1062912K
  class space    used 2130K, capacity 2300K, committed 2304K, reserved 1048576K
Event: 4,383 GC heap after
Heap after GC invocations=5 (full 0):
 PSYoungGen      total 279040K, used 5538K [0x0000000718c00000, 0x0000000738f00000, 0x00000007c0000000)
  eden space 258048K, 0% used [0x0000000718c00000,0x0000000718c00000,0x0000000728800000)
  from space 20992K, 26% used [0x0000000728800000,0x0000000728d68ad8,0x0000000729c80000)
  to   space 5632K, 0% used [0x0000000738980000,0x0000000738980000,0x0000000738f00000)
 ParOldGen       total 343040K, used 123K [0x00000005ca400000, 0x00000005df300000, 0x0000000718c00000)
  object space 343040K, 0% used [0x00000005ca400000,0x00000005ca41ec78,0x00000005df300000)
 Metaspace       used 15838K, capacity 16418K, committed 16640K, reserved 1062912K
  class space    used 2130K, capacity 2300K, committed 2304K, reserved 1048576K
}
Event: 4,904 GC heap before
{Heap before GC invocations=6 (full 0):
 PSYoungGen      total 279040K, used 263586K [0x0000000718c00000, 0x0000000738f00000, 0x00000007c0000000)
  eden space 258048K, 100% used [0x0000000718c00000,0x0000000728800000,0x0000000728800000)
  from space 20992K, 26% used [0x0000000728800000,0x0000000728d68ad8,0x0000000729c80000)
  to   space 5632K, 0% used [0x0000000738980000,0x0000000738980000,0x0000000738f00000)
 ParOldGen       total 343040K, used 123K [0x00000005ca400000, 0x00000005df300000, 0x0000000718c00000)
  object space 343040K, 0% used [0x00000005ca400000,0x00000005ca41ec78,0x00000005df300000)
 Metaspace       used 15897K, capacity 16422K, committed 16640K, reserved 1062912K
  class space    used 2130K, capacity 2300K, committed 2304K, reserved 1048576K
Event: 4,909 GC heap after
Heap after GC invocations=6 (full 0):
 PSYoungGen      total 521216K, used 5600K [0x0000000718c00000, 0x0000000739000000, 0x00000007c0000000)
  eden space 515584K, 0% used [0x0000000718c00000,0x0000000718c00000,0x0000000738380000)
  from space 5632K, 99% used [0x0000000738980000,0x0000000738ef8068,0x0000000738f00000)
  to   space 6144K, 0% used [0x0000000738380000,0x0000000738380000,0x0000000738980000)
 ParOldGen       total 343040K, used 131K [0x00000005ca400000, 0x00000005df300000, 0x0000000718c00000)
  object space 343040K, 0% used [0x00000005ca400000,0x00000005ca420c78,0x00000005df300000)
 Metaspace       used 15897K, capacity 16422K, committed 16640K, reserved 1062912K
  class space    used 2130K, capacity 2300K, committed 2304K, reserved 1048576K
}
Event: 6,005 GC heap before
{Heap before GC invocations=7 (full 0):
 PSYoungGen      total 521216K, used 521184K [0x0000000718c00000, 0x0000000739000000, 0x00000007c0000000)
  eden space 515584K, 100% used [0x0000000718c00000,0x0000000738380000,0x0000000738380000)
  from space 5632K, 99% used [0x0000000738980000,0x0000000738ef8068,0x0000000738f00000)
  to   space 6144K, 0% used [0x0000000738380000,0x0000000738380000,0x0000000738980000)
 ParOldGen       total 343040K, used 131K [0x00000005ca400000, 0x00000005df300000, 0x0000000718c00000)
  object space 343040K, 0% used [0x00000005ca400000,0x00000005ca420c78,0x00000005df300000)
 Metaspace       used 15937K, capacity 16514K, committed 16768K, reserved 1062912K
  class space    used 2136K, capacity 2310K, committed 2432K, reserved 1048576K
Event: 6,011 GC heap after
Heap after GC invocations=7 (full 0):
 PSYoungGen      total 495616K, used 128K [0x0000000718c00000, 0x0000000738a00000, 0x00000007c0000000)
  eden space 495104K, 0% used [0x0000000718c00000,0x0000000718c00000,0x0000000736f80000)
  from space 512K, 25% used [0x0000000738380000,0x00000007383a0000,0x0000000738400000)
  to   space 6144K, 0% used [0x0000000738400000,0x0000000738400000,0x0000000738a00000)
 ParOldGen       total 343040K, used 5556K [0x00000005ca400000, 0x00000005df300000, 0x0000000718c00000)
  object space 343040K, 1% used [0x00000005ca400000,0x00000005ca96d0b8,0x00000005df300000)
 Metaspace       used 15937K, capacity 16514K, committed 16768K, reserved 1062912K
  class space    used 2136K, capacity 2310K, committed 2432K, reserved 1048576K
}

