# JRE version: Java(TM) SE Runtime Environment (8.0_91-b14) (build 1.8.0_91-b14)
# Java VM: Java HotSpot(TM) 64-Bit Server VM (25.91-b14 mixed mode linux-amd64 compressed oops)
Heap:
 PSYoungGen      total 496128K, used 11096K [0x0000000718c00000, 0x0000000738a80000, 0x00000007c0000000)
  eden space 495616K, 2% used [0x0000000718c00000,0x0000000719696020,0x0000000737000000)
  from space 512K, 50% used [0x0000000738400000,0x0000000738440000,0x0000000738480000)
  to   space 6144K, 0% used [0x0000000738480000,0x0000000738480000,0x0000000738a80000)
 ParOldGen       total 343040K, used 5580K [0x00000005ca400000, 0x00000005df300000, 0x0000000718c00000)
  object space 343040K, 1% used [0x00000005ca400000,0x00000005ca9730a0,0x00000005df300000)
 Metaspace       used 15906K, capacity 16488K, committed 16640K, reserved 1062912K
  class space    used 2134K, capacity 2302K, committed 2304K, reserved 1048576K
GC Heap History (10 events):
Event: 2,677 GC heap before
{Heap before GC invocations=3 (full 0):
 PSYoungGen      total 150016K, used 134528K [0x0000000718c00000, 0x0000000723300000, 0x00000007c0000000)
  eden space 129024K, 100% used [0x0000000718c00000,0x0000000720a00000,0x0000000720a00000)
  from space 20992K, 26% used [0x0000000721e80000,0x00000007223e0068,0x0000000723300000)
  to   space 20992K, 0% used [0x0000000720a00000,0x0000000720a00000,0x0000000721e80000)
 ParOldGen       total 343040K, used 99K [0x00000005ca400000, 0x00000005df300000, 0x0000000718c00000)
  object space 343040K, 0% used [0x00000005ca400000,0x00000005ca418c40,0x00000005df300000)
 Metaspace       used 15884K, capacity 16488K, committed 16640K, reserved 1062912K
  class space    used 2133K, capacity 2302K, committed 2304K, reserved 1048576K
Event: 2,682 GC heap after
Heap after GC invocations=3 (full 0):
 PSYoungGen      total 150016K, used 5554K [0x0000000718c00000, 0x000000072b100000, 0x00000007c0000000)
  eden space 129024K, 0% used [0x0000000718c00000,0x0000000718c00000,0x0000000720a00000)
  from space 20992K, 26% used [0x0000000720a00000,0x0000000720f6cb08,0x0000000721e80000)
  to   space 20992K, 0% used [0x0000000729c80000,0x0000000729c80000,0x000000072b100000)
 ParOldGen       total 343040K, used 107K [0x00000005ca400000, 0x00000005df300000, 0x0000000718c00000)
  object space 343040K, 0% used [0x00000005ca400000,0x00000005ca41ac40,0x00000005df300000)
 Metaspace       used 15884K, capacity 16488K, committed 16640K, reserved 1062912K
  class space    used 2133K, capacity 2302K, committed 2304K, reserved 1048576K
}
Event: 2,923 GC heap before
{Heap before GC invocations=4 (full 0):
 PSYoungGen      total 150016K, used 134578K [0x0000000718c00000, 0x000000072b100000, 0x00000007c0000000)
  eden space 129024K, 100% used [0x0000000718c00000,0x0000000720a00000,0x0000000720a00000)
  from space 20992K, 26% used [0x0000000720a00000,0x0000000720f6cb08,0x0000000721e80000)
  to   space 20992K, 0% used [0x0000000729c80000,0x0000000729c80000,0x000000072b100000)
 ParOldGen       total 343040K, used 107K [0x00000005ca400000, 0x00000005df300000, 0x0000000718c00000)
  object space 343040K, 0% used [0x00000005ca400000,0x00000005ca41ac40,0x00000005df300000)
 Metaspace       used 15895K, capacity 16488K, committed 16640K, reserved 1062912K
  class space    used 2133K, capacity 2302K, committed 2304K, reserved 1048576K
Event: 2,928 GC heap after
Heap after GC invocations=4 (full 0):
 PSYoungGen      total 279040K, used 5648K [0x0000000718c00000, 0x000000072b100000, 0x00000007c0000000)
  eden space 258048K, 0% used [0x0000000718c00000,0x0000000718c00000,0x0000000728800000)
  from space 20992K, 26% used [0x0000000729c80000,0x000000072a204058,0x000000072b100000)
  to   space 20992K, 0% used [0x0000000728800000,0x0000000728800000,0x0000000729c80000)
 ParOldGen       total 343040K, used 115K [0x00000005ca400000, 0x00000005df300000, 0x0000000718c00000)
  object space 343040K, 0% used [0x00000005ca400000,0x00000005ca41cc40,0x00000005df300000)
 Metaspace       used 15895K, capacity 16488K, committed 16640K, reserved 1062912K
  class space    used 2133K, capacity 2302K, committed 2304K, reserved 1048576K
}
Event: 3,480 GC heap before
{Heap before GC invocations=5 (full 0):
 PSYoungGen      total 279040K, used 263696K [0x0000000718c00000, 0x000000072b100000, 0x00000007c0000000)
  eden space 258048K, 100% used [0x0000000718c00000,0x0000000728800000,0x0000000728800000)
  from space 20992K, 26% used [0x0000000729c80000,0x000000072a204058,0x000000072b100000)
  to   space 20992K, 0% used [0x0000000728800000,0x0000000728800000,0x0000000729c80000)
 ParOldGen       total 343040K, used 115K [0x00000005ca400000, 0x00000005df300000, 0x0000000718c00000)
  object space 343040K, 0% used [0x00000005ca400000,0x00000005ca41cc40,0x00000005df300000)
 Metaspace       used 15900K, capacity 16488K, committed 16640K, reserved 1062912K
  class space    used 2133K, capacity 2302K, committed 2304K, reserved 1048576K
Event: 3,486 GC heap after
Heap after GC invocations=5 (full 0):
 PSYoungGen      total 279040K, used 5584K [0x0000000718c00000, 0x0000000739000000, 0x00000007c0000000)
  eden space 258048K, 0% used [0x0000000718c00000,0x0000000718c00000,0x0000000728800000)
  from space 20992K, 26% used [0x0000000728800000,0x0000000728d74078,0x0000000729c80000)
  to   space 6144K, 0% used [0x0000000738a00000,0x0000000738a00000,0x0000000739000000)
 ParOldGen       total 343040K, used 123K [0x00000005ca400000, 0x00000005df300000, 0x0000000718c00000)
  object space 343040K, 0% used [0x00000005ca400000,0x00000005ca41ec40,0x00000005df300000)
 Metaspace       used 15900K, capacity 16488K, committed 16640K, reserved 1062912K
  class space    used 2133K, capacity 2302K, committed 2304K, reserved 1048576K
}
Event: 4,014 GC heap before
{Heap before GC invocations=6 (full 0):
 PSYoungGen      total 279040K, used 263632K [0x0000000718c00000, 0x0000000739000000, 0x00000007c0000000)
  eden space 258048K, 100% used [0x0000000718c00000,0x0000000728800000,0x0000000728800000)
  from space 20992K, 26% used [0x0000000728800000,0x0000000728d74078,0x0000000729c80000)
  to   space 6144K, 0% used [0x0000000738a00000,0x0000000738a00000,0x0000000739000000)
 ParOldGen       total 343040K, used 123K [0x00000005ca400000, 0x00000005df300000, 0x0000000718c00000)
  object space 343040K, 0% used [0x00000005ca400000,0x00000005ca41ec40,0x00000005df300000)
 Metaspace       used 15901K, capacity 16488K, committed 16640K, reserved 1062912K
  class space    used 2133K, capacity 2302K, committed 2304K, reserved 1048576K
Event: 4,020 GC heap after
Heap after GC invocations=6 (full 0):
 PSYoungGen      total 522240K, used 5637K [0x0000000718c00000, 0x0000000739000000, 0x00000007c0000000)
  eden space 516096K, 0% used [0x0000000718c00000,0x0000000718c00000,0x0000000738400000)
  from space 6144K, 91% used [0x0000000738a00000,0x0000000738f81548,0x0000000739000000)
  to   space 6144K, 0% used [0x0000000738400000,0x0000000738400000,0x0000000738a00000)
 ParOldGen       total 343040K, used 123K [0x00000005ca400000, 0x00000005df300000, 0x0000000718c00000)
  object space 343040K, 0% used [0x00000005ca400000,0x00000005ca41ec40,0x00000005df300000)
 Metaspace       used 15901K, capacity 16488K, committed 16640K, reserved 1062912K
  class space    used 2133K, capacity 2302K, committed 2304K, reserved 1048576K
}
Event: 5,146 GC heap before
{Heap before GC invocations=7 (full 0):
 PSYoungGen      total 522240K, used 521733K [0x0000000718c00000, 0x0000000739000000, 0x00000007c0000000)
  eden space 516096K, 100% used [0x0000000718c00000,0x0000000738400000,0x0000000738400000)
  from space 6144K, 91% used [0x0000000738a00000,0x0000000738f81548,0x0000000739000000)
  to   space 6144K, 0% used [0x0000000738400000,0x0000000738400000,0x0000000738a00000)
 ParOldGen       total 343040K, used 123K [0x00000005ca400000, 0x00000005df300000, 0x0000000718c00000)
  object space 343040K, 0% used [0x00000005ca400000,0x00000005ca41ec40,0x00000005df300000)
 Metaspace       used 15906K, capacity 16488K, committed 16640K, reserved 1062912K
  class space    used 2134K, capacity 2302K, committed 2304K, reserved 1048576K
Event: 5,152 GC heap after
Heap after GC invocations=7 (full 0):
 PSYoungGen      total 496128K, used 256K [0x0000000718c00000, 0x0000000738a80000, 0x00000007c0000000)
  eden space 495616K, 0% used [0x0000000718c00000,0x0000000718c00000,0x0000000737000000)
  from space 512K, 50% used [0x0000000738400000,0x0000000738440000,0x0000000738480000)
  to   space 6144K, 0% used [0x0000000738480000,0x0000000738480000,0x0000000738a80000)
 ParOldGen       total 343040K, used 5580K [0x00000005ca400000, 0x00000005df300000, 0x0000000718c00000)
  object space 343040K, 1% used [0x00000005ca400000,0x00000005ca9730a0,0x00000005df300000)
 Metaspace       used 15906K, capacity 16488K, committed 16640K, reserved 1062912K
  class space    used 2134K, capacity 2302K, committed 2304K, reserved 1048576K
}

