# JRE version: Java(TM) SE Runtime Environment (8.0_91-b14) (build 1.8.0_91-b14)
# Java VM: Java HotSpot(TM) 64-Bit Server VM (25.91-b14 mixed mode linux-amd64 compressed oops)
Heap:
 PSYoungGen      total 496128K, used 11023K [0x0000000718c00000, 0x0000000738a80000, 0x00000007c0000000)
  eden space 495616K, 2% used [0x0000000718c00000,0x0000000719693ea0,0x0000000737000000)
  from space 512K, 37% used [0x0000000738400000,0x0000000738430000,0x0000000738480000)
  to   space 6144K, 0% used [0x0000000738480000,0x0000000738480000,0x0000000738a80000)
 ParOldGen       total 343040K, used 5585K [0x00000005ca400000, 0x00000005df300000, 0x0000000718c00000)
  object space 343040K, 1% used [0x00000005ca400000,0x00000005ca974450,0x00000005df300000)
 Metaspace       used 15913K, capacity 16442K, committed 16768K, reserved 1062912K
  class space    used 2138K, capacity 2310K, committed 2432K, reserved 1048576K
GC Heap History (10 events):
Event: 2,493 GC heap before
{Heap before GC invocations=3 (full 0):
 PSYoungGen      total 150016K, used 134656K [0x0000000718c00000, 0x0000000723300000, 0x00000007c0000000)
  eden space 129024K, 100% used [0x0000000718c00000,0x0000000720a00000,0x0000000720a00000)
  from space 20992K, 26% used [0x0000000721e80000,0x0000000722400088,0x0000000723300000)
  to   space 20992K, 0% used [0x0000000720a00000,0x0000000720a00000,0x0000000721e80000)
 ParOldGen       total 343040K, used 96K [0x00000005ca400000, 0x00000005df300000, 0x0000000718c00000)
  object space 343040K, 0% used [0x00000005ca400000,0x00000005ca418010,0x00000005df300000)
 Metaspace       used 15887K, capacity 16442K, committed 16768K, reserved 1062912K
  class space    used 2137K, capacity 2310K, committed 2432K, reserved 1048576K
Event: 2,497 GC heap after
Heap after GC invocations=3 (full 0):
 PSYoungGen      total 150016K, used 5522K [0x0000000718c00000, 0x000000072b100000, 0x00000007c0000000)
  eden space 129024K, 0% used [0x0000000718c00000,0x0000000718c00000,0x0000000720a00000)
  from space 20992K, 26% used [0x0000000720a00000,0x0000000720f64ae8,0x0000000721e80000)
  to   space 20992K, 0% used [0x0000000729c80000,0x0000000729c80000,0x000000072b100000)
 ParOldGen       total 343040K, used 104K [0x00000005ca400000, 0x00000005df300000, 0x0000000718c00000)
  object space 343040K, 0% used [0x00000005ca400000,0x00000005ca41a010,0x00000005df300000)
 Metaspace       used 15887K, capacity 16442K, committed 16768K, reserved 1062912K
  class space    used 2137K, capacity 2310K, committed 2432K, reserved 1048576K
}
Event: 2,782 GC heap before
{Heap before GC invocations=4 (full 0):
 PSYoungGen      total 150016K, used 134546K [0x0000000718c00000, 0x000000072b100000, 0x00000007c0000000)
  eden space 129024K, 100% used [0x0000000718c00000,0x0000000720a00000,0x0000000720a00000)
  from space 20992K, 26% used [0x0000000720a00000,0x0000000720f64ae8,0x0000000721e80000)
  to   space 20992K, 0% used [0x0000000729c80000,0x0000000729c80000,0x000000072b100000)
 ParOldGen       total 343040K, used 104K [0x00000005ca400000, 0x00000005df300000, 0x0000000718c00000)
  object space 343040K, 0% used [0x00000005ca400000,0x00000005ca41a010,0x00000005df300000)
 Metaspace       used 15903K, capacity 16442K, committed 16768K, reserved 1062912K
  class space    used 2137K, capacity 2310K, committed 2432K, reserved 1048576K
Event: 2,787 GC heap after
Heap after GC invocations=4 (full 0):
 PSYoungGen      total 279040K, used 5536K [0x0000000718c00000, 0x000000072b100000, 0x00000007c0000000)
  eden space 258048K, 0% used [0x0000000718c00000,0x0000000718c00000,0x0000000728800000)
  from space 20992K, 26% used [0x0000000729c80000,0x000000072a1e8068,0x000000072b100000)
  to   space 20992K, 0% used [0x0000000728800000,0x0000000728800000,0x0000000729c80000)
 ParOldGen       total 343040K, used 112K [0x00000005ca400000, 0x00000005df300000, 0x0000000718c00000)
  object space 343040K, 0% used [0x00000005ca400000,0x00000005ca41c010,0x00000005df300000)
 Metaspace       used 15903K, capacity 16442K, committed 16768K, reserved 1062912K
  class space    used 2137K, capacity 2310K, committed 2432K, reserved 1048576K
}
Event: 3,425 GC heap before
{Heap before GC invocations=5 (full 0):
 PSYoungGen      total 279040K, used 263584K [0x0000000718c00000, 0x000000072b100000, 0x00000007c0000000)
  eden space 258048K, 100% used [0x0000000718c00000,0x0000000728800000,0x0000000728800000)
  from space 20992K, 26% used [0x0000000729c80000,0x000000072a1e8068,0x000000072b100000)
  to   space 20992K, 0% used [0x0000000728800000,0x0000000728800000,0x0000000729c80000)
 ParOldGen       total 343040K, used 112K [0x00000005ca400000, 0x00000005df300000, 0x0000000718c00000)
  object space 343040K, 0% used [0x00000005ca400000,0x00000005ca41c010,0x00000005df300000)
 Metaspace       used 15908K, capacity 16442K, committed 16768K, reserved 1062912K
  class space    used 2137K, capacity 2310K, committed 2432K, reserved 1048576K
Event: 3,430 GC heap after
Heap after GC invocations=5 (full 0):
 PSYoungGen      total 279040K, used 5554K [0x0000000718c00000, 0x0000000739000000, 0x00000007c0000000)
  eden space 258048K, 0% used [0x0000000718c00000,0x0000000718c00000,0x0000000728800000)
  from space 20992K, 26% used [0x0000000728800000,0x0000000728d6cb08,0x0000000729c80000)
  to   space 6144K, 0% used [0x0000000738a00000,0x0000000738a00000,0x0000000739000000)
 ParOldGen       total 343040K, used 120K [0x00000005ca400000, 0x00000005df300000, 0x0000000718c00000)
  object space 343040K, 0% used [0x00000005ca400000,0x00000005ca41e010,0x00000005df300000)
 Metaspace       used 15908K, capacity 16442K, committed 16768K, reserved 1062912K
  class space    used 2137K, capacity 2310K, committed 2432K, reserved 1048576K
}
Event: 3,924 GC heap before
{Heap before GC invocations=6 (full 0):
 PSYoungGen      total 279040K, used 263602K [0x0000000718c00000, 0x0000000739000000, 0x00000007c0000000)
  eden space 258048K, 100% used [0x0000000718c00000,0x0000000728800000,0x0000000728800000)
  from space 20992K, 26% used [0x0000000728800000,0x0000000728d6cb08,0x0000000729c80000)
  to   space 6144K, 0% used [0x0000000738a00000,0x0000000738a00000,0x0000000739000000)
 ParOldGen       total 343040K, used 120K [0x00000005ca400000, 0x00000005df300000, 0x0000000718c00000)
  object space 343040K, 0% used [0x00000005ca400000,0x00000005ca41e010,0x00000005df300000)
 Metaspace       used 15910K, capacity 16442K, committed 16768K, reserved 1062912K
  class space    used 2137K, capacity 2310K, committed 2432K, reserved 1048576K
Event: 3,931 GC heap after
Heap after GC invocations=6 (full 0):
 PSYoungGen      total 522240K, used 5568K [0x0000000718c00000, 0x0000000739000000, 0x00000007c0000000)
  eden space 516096K, 0% used [0x0000000718c00000,0x0000000718c00000,0x0000000738400000)
  from space 6144K, 90% used [0x0000000738a00000,0x0000000738f70068,0x0000000739000000)
  to   space 6144K, 0% used [0x0000000738400000,0x0000000738400000,0x0000000738a00000)
 ParOldGen       total 343040K, used 128K [0x00000005ca400000, 0x00000005df300000, 0x0000000718c00000)
  object space 343040K, 0% used [0x00000005ca400000,0x00000005ca420010,0x00000005df300000)
 Metaspace       used 15910K, capacity 16442K, committed 16768K, reserved 1062912K
  class space    used 2137K, capacity 2310K, committed 2432K, reserved 1048576K
}
Event: 5,061 GC heap before
{Heap before GC invocations=7 (full 0):
 PSYoungGen      total 522240K, used 521664K [0x0000000718c00000, 0x0000000739000000, 0x00000007c0000000)
  eden space 516096K, 100% used [0x0000000718c00000,0x0000000738400000,0x0000000738400000)
  from space 6144K, 90% used [0x0000000738a00000,0x0000000738f70068,0x0000000739000000)
  to   space 6144K, 0% used [0x0000000738400000,0x0000000738400000,0x0000000738a00000)
 ParOldGen       total 343040K, used 128K [0x00000005ca400000, 0x00000005df300000, 0x0000000718c00000)
  object space 343040K, 0% used [0x00000005ca400000,0x00000005ca420010,0x00000005df300000)
 Metaspace       used 15913K, capacity 16442K, committed 16768K, reserved 1062912K
  class space    used 2138K, capacity 2310K, committed 2432K, reserved 1048576K
Event: 5,067 GC heap after
Heap after GC invocations=7 (full 0):
 PSYoungGen      total 496128K, used 192K [0x0000000718c00000, 0x0000000738a80000, 0x00000007c0000000)
  eden space 495616K, 0% used [0x0000000718c00000,0x0000000718c00000,0x0000000737000000)
  from space 512K, 37% used [0x0000000738400000,0x0000000738430000,0x0000000738480000)
  to   space 6144K, 0% used [0x0000000738480000,0x0000000738480000,0x0000000738a80000)
 ParOldGen       total 343040K, used 5585K [0x00000005ca400000, 0x00000005df300000, 0x0000000718c00000)
  object space 343040K, 1% used [0x00000005ca400000,0x00000005ca974450,0x00000005df300000)
 Metaspace       used 15913K, capacity 16442K, committed 16768K, reserved 1062912K
  class space    used 2138K, capacity 2310K, committed 2432K, reserved 1048576K
}

