# JRE version: Java(TM) SE Runtime Environment (8.0_91-b14) (build 1.8.0_91-b14)
# Java VM: Java HotSpot(TM) 64-Bit Server VM (25.91-b14 mixed mode linux-amd64 compressed oops)
Heap:
 PSYoungGen      total 132096K, used 11180K [0x0000000718c00000, 0x0000000721f00000, 0x00000007c0000000)
  eden space 125952K, 4% used [0x0000000718c00000,0x000000071914a7e0,0x0000000720700000)
  from space 6144K, 93% used [0x0000000720a00000,0x0000000720fa0ad8,0x0000000721000000)
  to   space 6144K, 0% used [0x0000000721900000,0x0000000721900000,0x0000000721f00000)
 ParOldGen       total 343040K, used 125K [0x00000005ca400000, 0x00000005df300000, 0x0000000718c00000)
  object space 343040K, 0% used [0x00000005ca400000,0x00000005ca41f710,0x00000005df300000)
 Metaspace       used 15917K, capacity 16482K, committed 16640K, reserved 1062912K
  class space    used 2133K, capacity 2300K, committed 2304K, reserved 1048576K
GC Heap History (10 events):
Event: 8,864 GC heap before
{Heap before GC invocations=1 (full 0):
 PSYoungGen      total 150016K, used 129024K [0x0000000718c00000, 0x0000000723300000, 0x00000007c0000000)
  eden space 129024K, 100% used [0x0000000718c00000,0x0000000720a00000,0x0000000720a00000)
  from space 20992K, 0% used [0x0000000721e80000,0x0000000721e80000,0x0000000723300000)
  to   space 20992K, 0% used [0x0000000720a00000,0x0000000720a00000,0x0000000721e80000)
 ParOldGen       total 343040K, used 0K [0x00000005ca400000, 0x00000005df300000, 0x0000000718c00000)
  object space 343040K, 0% used [0x00000005ca400000,0x00000005ca400000,0x00000005df300000)
 Metaspace       used 15884K, capacity 16418K, committed 16640K, reserved 1062912K
  class space    used 2132K, capacity 2300K, committed 2304K, reserved 1048576K
Event: 8,871 GC heap after
Heap after GC invocations=1 (full 0):
 PSYoungGen      total 150016K, used 5714K [0x0000000718c00000, 0x0000000723300000, 0x00000007c0000000)
  eden space 129024K, 0% used [0x0000000718c00000,0x0000000718c00000,0x0000000720a00000)
  from space 20992K, 27% used [0x0000000720a00000,0x0000000720f94ae8,0x0000000721e80000)
  to   space 20992K, 0% used [0x0000000721e80000,0x0000000721e80000,0x0000000723300000)
 ParOldGen       total 343040K, used 88K [0x00000005ca400000, 0x00000005df300000, 0x0000000718c00000)
  object space 343040K, 0% used [0x00000005ca400000,0x00000005ca416010,0x00000005df300000)
 Metaspace       used 15884K, capacity 16418K, committed 16640K, reserved 1062912K
  class space    used 2132K, capacity 2300K, committed 2304K, reserved 1048576K
}
Event: 17,594 GC heap before
{Heap before GC invocations=2 (full 0):
 PSYoungGen      total 150016K, used 134738K [0x0000000718c00000, 0x0000000723300000, 0x00000007c0000000)
  eden space 129024K, 100% used [0x0000000718c00000,0x0000000720a00000,0x0000000720a00000)
  from space 20992K, 27% used [0x0000000720a00000,0x0000000720f94ae8,0x0000000721e80000)
  to   space 20992K, 0% used [0x0000000721e80000,0x0000000721e80000,0x0000000723300000)
 ParOldGen       total 343040K, used 88K [0x00000005ca400000, 0x00000005df300000, 0x0000000718c00000)
  object space 343040K, 0% used [0x00000005ca400000,0x00000005ca416010,0x00000005df300000)
 Metaspace       used 15907K, capacity 16482K, committed 16640K, reserved 1062912K
  class space    used 2132K, capacity 2300K, committed 2304K, reserved 1048576K
Event: 17,600 GC heap after
Heap after GC invocations=2 (full 0):
 PSYoungGen      total 150016K, used 5616K [0x0000000718c00000, 0x0000000723300000, 0x00000007c0000000)
  eden space 129024K, 0% used [0x0000000718c00000,0x0000000718c00000,0x0000000720a00000)
  from space 20992K, 26% used [0x0000000721e80000,0x00000007223fc078,0x0000000723300000)
  to   space 20992K, 0% used [0x0000000720a00000,0x0000000720a00000,0x0000000721e80000)
 ParOldGen       total 343040K, used 96K [0x00000005ca400000, 0x00000005df300000, 0x0000000718c00000)
  object space 343040K, 0% used [0x00000005ca400000,0x00000005ca418010,0x00000005df300000)
 Metaspace       used 15907K, capacity 16482K, committed 16640K, reserved 1062912K
  class space    used 2132K, capacity 2300K, committed 2304K, reserved 1048576K
}
Event: 24,757 GC heap before
{Heap before GC invocations=3 (full 0):
 PSYoungGen      total 150016K, used 134640K [0x0000000718c00000, 0x0000000723300000, 0x00000007c0000000)
  eden space 129024K, 100% used [0x0000000718c00000,0x0000000720a00000,0x0000000720a00000)
  from space 20992K, 26% used [0x0000000721e80000,0x00000007223fc078,0x0000000723300000)
  to   space 20992K, 0% used [0x0000000720a00000,0x0000000720a00000,0x0000000721e80000)
 ParOldGen       total 343040K, used 96K [0x00000005ca400000, 0x00000005df300000, 0x0000000718c00000)
  object space 343040K, 0% used [0x00000005ca400000,0x00000005ca418010,0x00000005df300000)
 Metaspace       used 15907K, capacity 16482K, committed 16640K, reserved 1062912K
  class space    used 2132K, capacity 2300K, committed 2304K, reserved 1048576K
Event: 24,765 GC heap after
Heap after GC invocations=3 (full 0):
 PSYoungGen      total 150016K, used 5584K [0x0000000718c00000, 0x0000000723300000, 0x00000007c0000000)
  eden space 129024K, 0% used [0x0000000718c00000,0x0000000718c00000,0x0000000720a00000)
  from space 20992K, 26% used [0x0000000720a00000,0x0000000720f74058,0x0000000721e80000)
  to   space 20992K, 0% used [0x0000000721e80000,0x0000000721e80000,0x0000000723300000)
 ParOldGen       total 343040K, used 104K [0x00000005ca400000, 0x00000005df300000, 0x0000000718c00000)
  object space 343040K, 0% used [0x00000005ca400000,0x00000005ca41a010,0x00000005df300000)
 Metaspace       used 15907K, capacity 16482K, committed 16640K, reserved 1062912K
  class space    used 2132K, capacity 2300K, committed 2304K, reserved 1048576K
}
Event: 36,366 GC heap before
{Heap before GC invocations=4 (full 0):
 PSYoungGen      total 150016K, used 134608K [0x0000000718c00000, 0x0000000723300000, 0x00000007c0000000)
  eden space 129024K, 100% used [0x0000000718c00000,0x0000000720a00000,0x0000000720a00000)
  from space 20992K, 26% used [0x0000000720a00000,0x0000000720f74058,0x0000000721e80000)
  to   space 20992K, 0% used [0x0000000721e80000,0x0000000721e80000,0x0000000723300000)
 ParOldGen       total 343040K, used 104K [0x00000005ca400000, 0x00000005df300000, 0x0000000718c00000)
  object space 343040K, 0% used [0x00000005ca400000,0x00000005ca41a0c0,0x00000005df300000)
 Metaspace       used 15913K, capacity 16482K, committed 16640K, reserved 1062912K
  class space    used 2133K, capacity 2300K, committed 2304K, reserved 1048576K
Event: 36,371 GC heap after
Heap after GC invocations=4 (full 0):
 PSYoungGen      total 150016K, used 5554K [0x0000000718c00000, 0x0000000723300000, 0x00000007c0000000)
  eden space 129024K, 0% used [0x0000000718c00000,0x0000000718c00000,0x0000000720a00000)
  from space 20992K, 26% used [0x0000000721e80000,0x00000007223ecae8,0x0000000723300000)
  to   space 20992K, 0% used [0x0000000720a00000,0x0000000720a00000,0x0000000721e80000)
 ParOldGen       total 343040K, used 112K [0x00000005ca400000, 0x00000005df300000, 0x0000000718c00000)
  object space 343040K, 0% used [0x00000005ca400000,0x00000005ca41c0c0,0x00000005df300000)
 Metaspace       used 15913K, capacity 16482K, committed 16640K, reserved 1062912K
  class space    used 2133K, capacity 2300K, committed 2304K, reserved 1048576K
}
Event: 40,651 GC heap before
{Heap before GC invocations=5 (full 0):
 PSYoungGen      total 150016K, used 134578K [0x0000000718c00000, 0x0000000723300000, 0x00000007c0000000)
  eden space 129024K, 100% used [0x0000000718c00000,0x0000000720a00000,0x0000000720a00000)
  from space 20992K, 26% used [0x0000000721e80000,0x00000007223ecae8,0x0000000723300000)
  to   space 20992K, 0% used [0x0000000720a00000,0x0000000720a00000,0x0000000721e80000)
 ParOldGen       total 343040K, used 117K [0x00000005ca400000, 0x00000005df300000, 0x0000000718c00000)
  object space 343040K, 0% used [0x00000005ca400000,0x00000005ca41d710,0x00000005df300000)
 Metaspace       used 15917K, capacity 16482K, committed 16640K, reserved 1062912K
  class space    used 2133K, capacity 2300K, committed 2304K, reserved 1048576K
Event: 40,656 GC heap after
Heap after GC invocations=5 (full 0):
 PSYoungGen      total 132096K, used 5762K [0x0000000718c00000, 0x0000000721f00000, 0x00000007c0000000)
  eden space 125952K, 0% used [0x0000000718c00000,0x0000000718c00000,0x0000000720700000)
  from space 6144K, 93% used [0x0000000720a00000,0x0000000720fa0ad8,0x0000000721000000)
  to   space 6144K, 0% used [0x0000000721900000,0x0000000721900000,0x0000000721f00000)
 ParOldGen       total 343040K, used 125K [0x00000005ca400000, 0x00000005df300000, 0x0000000718c00000)
  object space 343040K, 0% used [0x00000005ca400000,0x00000005ca41f710,0x00000005df300000)
 Metaspace       used 15917K, capacity 16482K, committed 16640K, reserved 1062912K
  class space    used 2133K, capacity 2300K, committed 2304K, reserved 1048576K
}

